CONFIG 2026-05-27 06:43:10,624 [main][Log4J2Logger.java:215] : Logging policy: Log4J2
CONFIG 2026-05-27 06:43:10,867 [main][Log4J2Logger.java:189] : Factory implementations for category GridCoverageFactory:
  org.geotools.coverage.grid.GridCoverageFactory
CONFIG 2026-05-27 06:43:11,517 [main][Log4J2Logger.java:189] : Factory implementations for category FilterFactory:
  org.geotools.filter.FilterFactoryImpl
CONFIG 2026-05-27 06:43:11,542 [main][Log4J2Logger.java:189] : Factory implementations for category StyleFactory:
  org.geotools.styling.StyleFactoryImpl
CONFIG 2026-05-27 06:43:11,549 [main][Log4J2Logger.java:189] : Factory implementations for category FeatureFactory:
  org.geotools.feature.LenientFeatureFactoryImpl
  org.geotools.feature.ValidatingFeatureFactoryImpl
DEBUG 2026-05-27 06:43:11,881 [main][Log4J2Logger.java:220] : Extension lookup 'XStreamPersisterInitializer', prior to bean geoserverExtensions initialisation.
DEBUG 2026-05-27 06:43:11,882 [main][Log4J2Logger.java:220] : Extension lookup 'ExtensionFilter', prior to bean geoserverExtensions initialisation.
DEBUG 2026-05-27 06:43:11,885 [main][Log4J2Logger.java:220] : Extension lookup 'ExtensionProvider', but provided ApplicationContext is unset.
DEBUG 2026-05-27 06:43:11,885 [main][Log4J2Logger.java:220] : Extension lookup 'ExtensionFilter', but provided ApplicationContext is unset.
DEBUG 2026-05-27 06:43:11,918 [main][Log4J2Logger.java:220] : CONFIGURING GEOSERVER LOGGING -------------------------
27 May 06:43:12 CONFIG [geoserver.logging] - Log4j 2 configuration set to DEFAULT_LOGGING.xml
27 May 06:43:16 CONFIG [gwc.config] - Will look for 'geowebcache.xml' in directory '/opt/geoserver/data_dir/gwc'.
27 May 06:43:16 CONFIG [gwc.config] - Create configuration file '/opt/geoserver/data_dir/gwc/geowebcache.xml' from template jar:file:/usr/local/tomcat/webapps/geoserver/WEB-INF/lib/gwc-core-1.24.2.jar!/geowebcache_empty.xml
27 May 06:43:16 WARN   [config.XMLConfiguration] - GWC configuration validation error: cvc-elt.1.a: Cannot find the declaration of element 'gwcConfiguration'.
27 May 06:43:16 WARN   [config.XMLConfiguration] - Will try to use configuration anyway. Please check the order of declared elements against the schema.
27 May 06:43:16 CONFIG [org.geoserver] - GeoServer configuration lock is enabled
27 May 06:43:16 CONFIG [org.geoserver] - Loading catalog /opt/geoserver/data_dir
27 May 06:43:16 WARN   [org.geoserver] - No 'workspaces' directory found, unable to load any stores.
27 May 06:43:16 CONFIG [org.geoserver] - Read catalog in 7.855 ms
27 May 06:43:17 CONFIG [config.XMLConfiguration] - Initializing GridSets from /opt/geoserver/data_dir/gwc
27 May 06:43:17 CONFIG [config.XMLConfiguration] - Initializing layers from /opt/geoserver/data_dir/gwc
27 May 06:43:17 CONFIG [gwc.layer] - Initializing GWC configuration based on GeoServer's Catalog
27 May 06:43:17 CONFIG [gwc.layer] - GeoServer TileLayer store base directory is: gwc-layers
27 May 06:43:17 CONFIG [gwc.layer] - Loading tile layers from gwc-layers
27 May 06:43:17 CONFIG [gwc.layer] - Loaded 0 tile layers in 3.359 ms
27 May 06:43:17 CONFIG [storage.BlobStoreAggregator] - BlobStoreConfiguration /opt/geoserver/data_dir/gwc contained no blob store infos.
27 May 06:43:17 CONFIG [storage.DefaultStorageFinder] - Found system environment variableGEOWEBCACHE_CACHE_DIR set to /opt/geoserver/data_dir/gwc, using it as the default prefix.
27 May 06:43:17 CONFIG [geowebcache.GeoWebCacheDispatcher] - Invoked setServletPrefix(gwc)
27 May 06:43:17 CONFIG [wms.WMSService] - Will NOT recombine tiles for non-tiling clients.
27 May 06:43:17 CONFIG [wms.WMSService] - Will proxy requests to backend that are not getmap or getcapabilities.
27 May 06:43:17 CONFIG [org.geoserver] - Loaded service 'WMTSInfoImpl--3e9b95f9:19e682c563e:-7ffb', enabled
27 May 06:43:17 CONFIG [org.geoserver] - Loaded service 'WPSInfoImpl--3e9b95f9:19e682c563e:-7ffa', enabled
27 May 06:43:17 CONFIG [org.geoserver] - Loaded service 'WMSInfoImpl--3e9b95f9:19e682c563e:-7ff9', enabled
27 May 06:43:17 CONFIG [org.geoserver] - Loaded service 'csw', enabled
27 May 06:43:17 CONFIG [org.geoserver] - Loaded service 'WCSInfoImpl--3e9b95f9:19e682c563e:-7ff8', enabled
27 May 06:43:17 CONFIG [org.geoserver] - Loaded service 'WFSInfoImpl--3e9b95f9:19e682c563e:-7ff7', enabled
27 May 06:43:17 CONFIG [gwc.config] - Initializing GeoServer specific GWC configuration from gwc-gs.xml
27 May 06:43:18 WARN   [coverage.processing] - Operation: BandCombine not found in CoverageProcessor
27 May 06:43:18 WARN   [coverage.processing] - Operation: BandSelect not found in CoverageProcessor
27 May 06:43:18 WARN   [coverage.processing] - Operation: Binarize not found in CoverageProcessor
27 May 06:43:18 WARN   [coverage.processing] - Operation: Border not found in CoverageProcessor
27 May 06:43:18 WARN   [coverage.processing] - Operation: ColorConvert not found in CoverageProcessor
27 May 06:43:18 WARN   [coverage.processing] - Operation: Crop not found in CoverageProcessor
27 May 06:43:18 WARN   [coverage.processing] - Operation: ErrorDiffusion not found in CoverageProcessor
27 May 06:43:18 WARN   [coverage.processing] - Operation: Format not found in CoverageProcessor
27 May 06:43:18 WARN   [coverage.processing] - Operation: ImageFunction not found in CoverageProcessor
27 May 06:43:18 WARN   [coverage.processing] - Operation: Lookup not found in CoverageProcessor
27 May 06:43:18 WARN   [coverage.processing] - Operation: Null not found in CoverageProcessor
27 May 06:43:18 WARN   [coverage.processing] - Operation: OrderedDither not found in CoverageProcessor
27 May 06:43:18 WARN   [coverage.processing] - Operation: Mean not found in CoverageProcessor
27 May 06:43:18 WARN   [coverage.processing] - Operation: Translate not found in CoverageProcessor
27 May 06:43:18 WARN   [coverage.processing] - Operation: And not found in CoverageProcessor
27 May 06:43:18 WARN   [coverage.processing] - Operation: Divide not found in CoverageProcessor
27 May 06:43:18 WARN   [coverage.processing] - Operation: DivideInto not found in CoverageProcessor
27 May 06:43:18 WARN   [coverage.processing] - Operation: Or not found in CoverageProcessor
27 May 06:43:18 WARN   [coverage.processing] - Operation: Subtract not found in CoverageProcessor
27 May 06:43:18 WARN   [coverage.processing] - Operation: SubtractFrom not found in CoverageProcessor
27 May 06:43:18 WARN   [coverage.processing] - Operation: Xor not found in CoverageProcessor
27 May 06:43:18 WARN   [coverage.processing] - Operation: AndConst not found in CoverageProcessor
27 May 06:43:18 WARN   [coverage.processing] - Operation: OrConst not found in CoverageProcessor
27 May 06:43:18 WARN   [coverage.processing] - Operation: XorConst not found in CoverageProcessor
27 May 06:43:18 CONFIG [gwc.config] - Will look for 'geowebcache-diskquota.xml' in directory '/opt/geoserver/data_dir/gwc'.
27 May 06:43:18 CONFIG [gwc.config] - Will look for 'geowebcache-diskquota-jdbc.xml' in directory '/opt/geoserver/data_dir/gwc'.
27 May 06:43:18 CONFIG [diskquota.ConfigLoader] - Quota config is: /opt/geoserver/data_dir/gwc/geowebcache-diskquota.xml
27 May 06:43:18 CONFIG [diskquota.ConfigLoader] - Quota config is: /opt/geoserver/data_dir/gwc/geowebcache-diskquota.xml
27 May 06:43:19 INFO   [flow.config] - Loaded control-flow rule: ows.global=100
27 May 06:43:19 INFO   [flow.config] - Loaded control-flow rule: ows.wms.getmap=10
27 May 06:43:19 INFO   [flow.config] - Loaded control-flow rule: ows.wfs.getfeature.application/msexcel=4
27 May 06:43:19 INFO   [flow.config] - Loaded control-flow rule: user=6
27 May 06:43:19 INFO   [flow.config] - Loaded control-flow rule: ows.gwc=16
27 May 06:43:19 INFO   [flow.config] - Loaded control-flow rule: user.ows.wps.execute=1000/d;30s
27 May 06:43:19 CONFIG [geoserver.flow] - Control-flow active with 6 flow controllers
27 May 06:43:20 CONFIG [geoserver.wps] - Found 5 bindable processes in GeoServer specific processes
27 May 06:43:20 CONFIG [geoserver.wps] - Found 89 bindable processes in Deprecated processes
27 May 06:43:20 CONFIG [geoserver.wps] - Found 48 bindable processes in Geometry processes
27 May 06:43:20 CONFIG [geoserver.wps] - Found 1 bindable processes in PolygonLabelProcess
27 May 06:43:20 CONFIG [geoserver.wps] - Found 1 bindable processes in geo
27 May 06:43:20 CONFIG [geoserver.wps] - Found 1 bindable processes in geo
27 May 06:43:20 CONFIG [geoserver.wps] - Blacklisting process ras:ConvolveCoverage as the input kernel of type class javax.media.jai.KernelJAI cannot be handled
27 May 06:43:20 CONFIG [geoserver.wps] - Blacklisting process ras:RasterZonalStatistics2 as the input zones of type class java.lang.Object cannot be handled
27 May 06:43:20 CONFIG [geoserver.wps] - Blacklisting process ras:RasterZonalStatistics2 as the input nodata of type class it.geosolutions.jaiext.range.Range cannot be handled
27 May 06:43:20 CONFIG [geoserver.wps] - Blacklisting process ras:RasterZonalStatistics2 as the input rangeData of type class java.lang.Object cannot be handled
27 May 06:43:20 CONFIG [geoserver.wps] - Blacklisting process ras:RasterZonalStatistics2 as the output zonal statistics of type interface java.util.List cannot be handled
27 May 06:43:20 CONFIG [geoserver.wps] - Found 18 bindable processes in Raster processes
27 May 06:43:20 CONFIG [geoserver.wps] - Blacklisting process vec:GroupCandidateSelection as the input groupingAttributes of type class java.lang.Object cannot be handled
27 May 06:43:20 CONFIG [geoserver.wps] - Found 31 bindable processes in Vector processes
27 May 06:43:26 WARN   [turbojpeg.TurboJPEGMapResponse] - The turbo jpeg encoder is available for usage
27 May 06:43:26 INFO   [geoserver.monitor] - Monitor extension enabled
27 May 06:43:29 CONFIG [diskquota.ConfigLoader] - Quota config is: /opt/geoserver/data_dir/gwc/geowebcache-diskquota.xml
27 May 06:43:29 CONFIG [diskquota.DiskQuotaMonitor] - Setting up disk quota periodic enforcement task
27 May 06:43:29 CONFIG [diskquota.DiskQuotaMonitor] - 0 layers configured with their own quotas. 
27 May 06:43:29 CONFIG [diskquota.DiskQuotaMonitor] - 0 layers attached to global quota 20.0 GB
27 May 06:43:29 CONFIG [diskquota.DiskQuotaMonitor] - Disk quota periodic enforcement task set up every 5 SECONDS
27 May 06:43:29 CONFIG [geoserver.security] - AuthenticationCache Initialized with 1000 Max Entries, 300 seconds idle time, 600 seconds time to live and 3 concurrency level
27 May 06:43:29 CONFIG [geoserver.security] - AuthenticationCache Eviction Task created to run every 600 seconds
27 May 06:43:31 CONFIG [geoserver.security] - Start reloading user/groups for service named default
27 May 06:43:31 CONFIG [geoserver.security] - Reloading user/groups successful for service named default
27 May 06:43:31 INFO   [config.XMLConfiguration] - Wrote configuration to /opt/geoserver/data_dir/gwc
27 May 06:54:36 INFO   [geoserver.security] - Strong cryptography is available
27 May 07:14:19 WARN   [data.store] - Error obtaining new data store
java.io.IOException
	at org.geoserver.catalog.ResourcePool.getDataStore(ResourcePool.java:658)
	at org.geoserver.catalog.impl.DataStoreInfoImpl.getDataStore(DataStoreInfoImpl.java:34)
	at org.geoserver.web.data.store.DataAccessNewPage.onSaveDataStore(DataAccessNewPage.java:90)
	at org.geoserver.web.data.store.AbstractDataAccessPage$1.onSubmit(AbstractDataAccessPage.java:176)
	at org.apache.wicket.ajax.markup.html.form.AjaxSubmitLink$1.onSubmit(AjaxSubmitLink.java:111)
	at org.apache.wicket.ajax.form.AjaxFormSubmitBehavior$AjaxFormSubmitter.onSubmit(AjaxFormSubmitBehavior.java:218)
	at org.apache.wicket.markup.html.form.Form.delegateSubmit(Form.java:1312)
	at org.apache.wicket.markup.html.form.Form.process(Form.java:976)
	at org.apache.wicket.markup.html.form.Form.onFormSubmitted(Form.java:797)
	at org.apache.wicket.ajax.form.AjaxFormSubmitBehavior.onEvent(AjaxFormSubmitBehavior.java:174)
	at org.apache.wicket.ajax.AjaxEventBehavior.respond(AjaxEventBehavior.java:155)
	at org.apache.wicket.ajax.AbstractDefaultAjaxBehavior.onRequest(AbstractDefaultAjaxBehavior.java:601)
	at java.base/jdk.internal.reflect.NativeMethodAccessorImpl.invoke0(Native Method)
	at java.base/jdk.internal.reflect.NativeMethodAccessorImpl.invoke(NativeMethodAccessorImpl.java:62)
	at java.base/jdk.internal.reflect.DelegatingMethodAccessorImpl.invoke(DelegatingMethodAccessorImpl.java:43)
	at java.base/java.lang.reflect.Method.invoke(Method.java:566)
	at org.apache.wicket.RequestListenerInterface.internalInvoke(RequestListenerInterface.java:258)
	at org.apache.wicket.RequestListenerInterface.invoke(RequestListenerInterface.java:241)
	at org.apache.wicket.core.request.handler.ListenerInterfaceRequestHandler.invokeListener(ListenerInterfaceRequestHandler.java:248)
	at org.apache.wicket.core.request.handler.ListenerInterfaceRequestHandler.respond(ListenerInterfaceRequestHandler.java:234)
	at org.apache.wicket.request.cycle.RequestCycle$HandlerExecutor.respond(RequestCycle.java:895)
	at org.apache.wicket.request.RequestHandlerStack.execute(RequestHandlerStack.java:64)
	at org.apache.wicket.request.cycle.RequestCycle.execute(RequestCycle.java:265)
	at org.apache.wicket.request.cycle.RequestCycle.processRequest(RequestCycle.java:222)
	at org.apache.wicket.request.cycle.RequestCycle.processRequestAndDetach(RequestCycle.java:293)
	at org.apache.wicket.protocol.http.WicketFilter.processRequestCycle(WicketFilter.java:261)
	at org.apache.wicket.protocol.http.WicketFilter.processRequest(WicketFilter.java:203)
	at org.apache.wicket.protocol.http.WicketServlet.doPost(WicketServlet.java:159)
	at javax.servlet.http.HttpServlet.service(HttpServlet.java:528)
	at javax.servlet.http.HttpServlet.service(HttpServlet.java:596)
	at org.springframework.web.servlet.mvc.ServletWrappingController.handleRequestInternal(ServletWrappingController.java:166)
	at org.springframework.web.servlet.mvc.AbstractController.handleRequest(AbstractController.java:177)
	at org.springframework.web.servlet.mvc.SimpleControllerHandlerAdapter.handle(SimpleControllerHandlerAdapter.java:51)
	at org.springframework.web.servlet.DispatcherServlet.doDispatch(DispatcherServlet.java:1072)
	at org.springframework.web.servlet.DispatcherServlet.doService(DispatcherServlet.java:965)
	at org.springframework.web.servlet.FrameworkServlet.processRequest(FrameworkServlet.java:1006)
	at org.springframework.web.servlet.FrameworkServlet.doPost(FrameworkServlet.java:909)
	at javax.servlet.http.HttpServlet.service(HttpServlet.java:528)
	at org.springframework.web.servlet.FrameworkServlet.service(FrameworkServlet.java:883)
	at javax.servlet.http.HttpServlet.service(HttpServlet.java:596)
	at org.apache.catalina.core.ApplicationFilterChain.internalDoFilter(ApplicationFilterChain.java:209)
	at org.apache.catalina.core.ApplicationFilterChain.doFilter(ApplicationFilterChain.java:153)
	at org.apache.tomcat.websocket.server.WsFilter.doFilter(WsFilter.java:53)
	at org.apache.catalina.core.ApplicationFilterChain.internalDoFilter(ApplicationFilterChain.java:178)
	at org.apache.catalina.core.ApplicationFilterChain.doFilter(ApplicationFilterChain.java:153)
	at org.apache.catalina.filters.CorsFilter.handleNonCORS(CorsFilter.java:328)
	at org.apache.catalina.filters.CorsFilter.doFilter(CorsFilter.java:158)
	at org.apache.catalina.core.ApplicationFilterChain.internalDoFilter(ApplicationFilterChain.java:178)
	at org.apache.catalina.core.ApplicationFilterChain.doFilter(ApplicationFilterChain.java:153)
	at org.apache.catalina.filters.HttpHeaderSecurityFilter.doFilter(HttpHeaderSecurityFilter.java:126)
	at org.apache.catalina.core.ApplicationFilterChain.internalDoFilter(ApplicationFilterChain.java:178)
	at org.apache.catalina.core.ApplicationFilterChain.doFilter(ApplicationFilterChain.java:153)
	at org.geoserver.filters.ThreadLocalsCleanupFilter.doFilter(ThreadLocalsCleanupFilter.java:28)
	at org.apache.catalina.core.ApplicationFilterChain.internalDoFilter(ApplicationFilterChain.java:178)
	at org.apache.catalina.core.ApplicationFilterChain.doFilter(ApplicationFilterChain.java:153)
	at org.geoserver.filters.SpringDelegatingFilter$Chain.doFilter(SpringDelegatingFilter.java:73)
	at org.geoserver.flow.controller.IpBlacklistFilter.doFilter(IpBlacklistFilter.java:89)
	at org.geoserver.filters.SpringDelegatingFilter$Chain.doFilter(SpringDelegatingFilter.java:70)
	at org.geoserver.monitor.MonitorFilter.doFilter(MonitorFilter.java:105)
	at org.geoserver.filters.SpringDelegatingFilter$Chain.doFilter(SpringDelegatingFilter.java:70)
	at org.geoserver.ows.HTTPHeadersCollector.doFilter(HTTPHeadersCollector.java:48)
	at org.geoserver.filters.SpringDelegatingFilter$Chain.doFilter(SpringDelegatingFilter.java:70)
	at org.geoserver.filters.HTTPMethodFilter.doFilter(HTTPMethodFilter.java:36)
	at org.geoserver.filters.SpringDelegatingFilter$Chain.doFilter(SpringDelegatingFilter.java:70)
	at org.geoserver.filters.LoggingFilter.doFilter(LoggingFilter.java:194)
	at org.geoserver.filters.SpringDelegatingFilter$Chain.doFilter(SpringDelegatingFilter.java:70)
	at org.geoserver.filters.SpringDelegatingFilter.doFilter(SpringDelegatingFilter.java:43)
	at org.apache.catalina.core.ApplicationFilterChain.internalDoFilter(ApplicationFilterChain.java:178)
	at org.apache.catalina.core.ApplicationFilterChain.doFilter(ApplicationFilterChain.java:153)
	at org.geoserver.platform.AdvancedDispatchFilter.doFilter(AdvancedDispatchFilter.java:39)
	at org.apache.catalina.core.ApplicationFilterChain.internalDoFilter(ApplicationFilterChain.java:178)
	at org.apache.catalina.core.ApplicationFilterChain.doFilter(ApplicationFilterChain.java:153)
	at org.springframework.security.web.FilterChainProxy$VirtualFilterChain.doFilter(FilterChainProxy.java:337)
	at org.geoserver.security.filter.GeoServerCompositeFilter$NestedFilterChain.doFilter(GeoServerCompositeFilter.java:71)
	at org.springframework.security.web.access.intercept.FilterSecurityInterceptor.invoke(FilterSecurityInterceptor.java:115)
	at org.springframework.security.web.access.intercept.FilterSecurityInterceptor.doFilter(FilterSecurityInterceptor.java:81)
	at org.geoserver.security.filter.GeoServerCompositeFilter$NestedFilterChain.doFilter(GeoServerCompositeFilter.java:75)
	at org.geoserver.security.filter.GeoServerCompositeFilter.doFilter(GeoServerCompositeFilter.java:92)
	at org.springframework.security.web.FilterChainProxy$VirtualFilterChain.doFilter(FilterChainProxy.java:346)
	at org.geoserver.security.filter.GeoServerCompositeFilter$NestedFilterChain.doFilter(GeoServerCompositeFilter.java:71)
	at org.springframework.security.web.access.ExceptionTranslationFilter.doFilter(ExceptionTranslationFilter.java:122)
	at org.springframework.security.web.access.ExceptionTranslationFilter.doFilter(ExceptionTranslationFilter.java:116)
	at org.geoserver.security.filter.GeoServerCompositeFilter$NestedFilterChain.doFilter(GeoServerCompositeFilter.java:75)
	at org.geoserver.security.filter.GeoServerCompositeFilter.doFilter(GeoServerCompositeFilter.java:92)
	at org.springframework.security.web.FilterChainProxy$VirtualFilterChain.doFilter(FilterChainProxy.java:346)
	at org.geoserver.security.filter.GeoServerAnonymousAuthenticationFilter.doFilter(GeoServerAnonymousAuthenticationFilter.java:53)
	at org.springframework.security.web.FilterChainProxy$VirtualFilterChain.doFilter(FilterChainProxy.java:346)
	at org.geoserver.security.filter.GeoServerCompositeFilter$NestedFilterChain.doFilter(GeoServerCompositeFilter.java:71)
	at org.springframework.security.web.authentication.AbstractAuthenticationProcessingFilter.doFilter(AbstractAuthenticationProcessingFilter.java:223)
	at org.springframework.security.web.authentication.AbstractAuthenticationProcessingFilter.doFilter(AbstractAuthenticationProcessingFilter.java:217)
	at org.geoserver.security.filter.GeoServerCompositeFilter$NestedFilterChain.doFilter(GeoServerCompositeFilter.java:75)
	at org.geoserver.security.filter.GeoServerCompositeFilter.doFilter(GeoServerCompositeFilter.java:92)
	at org.geoserver.security.filter.GeoServerUserNamePasswordAuthenticationFilter.doFilter(GeoServerUserNamePasswordAuthenticationFilter.java:122)
	at org.springframework.security.web.FilterChainProxy$VirtualFilterChain.doFilter(FilterChainProxy.java:346)
	at org.geoserver.security.filter.GeoServerCompositeFilter$NestedFilterChain.doFilter(GeoServerCompositeFilter.java:71)
	at org.springframework.security.web.authentication.rememberme.RememberMeAuthenticationFilter.doFilter(RememberMeAuthenticationFilter.java:106)
	at org.springframework.security.web.authentication.rememberme.RememberMeAuthenticationFilter.doFilter(RememberMeAuthenticationFilter.java:97)
	at org.geoserver.security.filter.GeoServerCompositeFilter$NestedFilterChain.doFilter(GeoServerCompositeFilter.java:75)
	at org.geoserver.security.filter.GeoServerCompositeFilter.doFilter(GeoServerCompositeFilter.java:92)
	at org.springframework.security.web.FilterChainProxy$VirtualFilterChain.doFilter(FilterChainProxy.java:346)
	at org.geoserver.security.filter.GeoServerCompositeFilter$NestedFilterChain.doFilter(GeoServerCompositeFilter.java:71)
	at org.geoserver.security.filter.GeoServerSecurityContextPersistenceFilter$1.doFilterInternal(GeoServerSecurityContextPersistenceFilter.java:72)
	at org.springframework.web.filter.OncePerRequestFilter.doFilter(OncePerRequestFilter.java:117)
	at org.geoserver.security.filter.GeoServerCompositeFilter$NestedFilterChain.doFilter(GeoServerCompositeFilter.java:75)
	at org.geoserver.security.filter.GeoServerCompositeFilter.doFilter(GeoServerCompositeFilter.java:92)
	at org.springframework.security.web.FilterChainProxy$VirtualFilterChain.doFilter(FilterChainProxy.java:346)
	at org.springframework.security.web.FilterChainProxy.doFilterInternal(FilterChainProxy.java:221)
	at org.springframework.security.web.FilterChainProxy.doFilter(FilterChainProxy.java:186)
	at org.geoserver.security.GeoServerSecurityFilterChainProxy.doFilter(GeoServerSecurityFilterChainProxy.java:142)
	at org.springframework.web.filter.DelegatingFilterProxy.invokeDelegate(DelegatingFilterProxy.java:354)
	at org.springframework.web.filter.DelegatingFilterProxy.doFilter(DelegatingFilterProxy.java:267)
	at org.apache.catalina.core.ApplicationFilterChain.internalDoFilter(ApplicationFilterChain.java:178)
	at org.apache.catalina.core.ApplicationFilterChain.doFilter(ApplicationFilterChain.java:153)
	at org.geoserver.filters.XFrameOptionsFilter.doFilter(XFrameOptionsFilter.java:100)
	at org.apache.catalina.core.ApplicationFilterChain.internalDoFilter(ApplicationFilterChain.java:178)
	at org.apache.catalina.core.ApplicationFilterChain.doFilter(ApplicationFilterChain.java:153)
	at org.geoserver.filters.GZIPFilter.doFilter(GZIPFilter.java:48)
	at org.apache.catalina.core.ApplicationFilterChain.internalDoFilter(ApplicationFilterChain.java:178)
	at org.apache.catalina.core.ApplicationFilterChain.doFilter(ApplicationFilterChain.java:153)
	at org.geoserver.filters.SessionDebugFilter.doFilter(SessionDebugFilter.java:49)
	at org.apache.catalina.core.ApplicationFilterChain.internalDoFilter(ApplicationFilterChain.java:178)
	at org.apache.catalina.core.ApplicationFilterChain.doFilter(ApplicationFilterChain.java:153)
	at org.geoserver.filters.FlushSafeFilter.doFilter(FlushSafeFilter.java:42)
	at org.apache.catalina.core.ApplicationFilterChain.internalDoFilter(ApplicationFilterChain.java:178)
	at org.apache.catalina.core.ApplicationFilterChain.doFilter(ApplicationFilterChain.java:153)
	at org.springframework.web.filter.CharacterEncodingFilter.doFilterInternal(CharacterEncodingFilter.java:201)
	at org.springframework.web.filter.OncePerRequestFilter.doFilter(OncePerRequestFilter.java:117)
	at org.apache.catalina.core.ApplicationFilterChain.internalDoFilter(ApplicationFilterChain.java:178)
	at org.apache.catalina.core.ApplicationFilterChain.doFilter(ApplicationFilterChain.java:153)
	at org.apache.catalina.core.StandardWrapperValve.invoke(StandardWrapperValve.java:167)
	at org.apache.catalina.core.StandardContextValve.invoke(StandardContextValve.java:90)
	at org.apache.catalina.authenticator.AuthenticatorBase.invoke(AuthenticatorBase.java:492)
	at org.apache.catalina.core.StandardHostValve.invoke(StandardHostValve.java:130)
	at org.apache.catalina.valves.ErrorReportValve.invoke(ErrorReportValve.java:93)
	at org.apache.catalina.valves.AbstractAccessLogValve.invoke(AbstractAccessLogValve.java:673)
	at org.apache.catalina.core.StandardEngineValve.invoke(StandardEngineValve.java:74)
	at org.apache.catalina.connector.CoyoteAdapter.service(CoyoteAdapter.java:343)
	at org.apache.coyote.http11.Http11Processor.service(Http11Processor.java:389)
	at org.apache.coyote.AbstractProcessorLight.process(AbstractProcessorLight.java:63)
	at org.apache.coyote.AbstractProtocol$ConnectionHandler.process(AbstractProtocol.java:926)
	at org.apache.tomcat.util.net.NioEndpoint$SocketProcessor.doRun(NioEndpoint.java:1791)
	at org.apache.tomcat.util.net.SocketProcessorBase.run(SocketProcessorBase.java:49)
	at org.apache.tomcat.util.threads.ThreadPoolExecutor.runWorker(ThreadPoolExecutor.java:1191)
	at org.apache.tomcat.util.threads.ThreadPoolExecutor$Worker.run(ThreadPoolExecutor.java:659)
	at org.apache.tomcat.util.threads.TaskThread$WrappingRunnable.run(TaskThread.java:61)
	at java.base/java.lang.Thread.run(Thread.java:829)
Caused by: java.lang.RuntimeException: Unable to obtain connection: Cannot create PoolableConnectionFactory (Connection to localhost:5432 refused. Check that the hostname and port are correct and that the postmaster is accepting TCP/IP connections.)
	at org.geotools.jdbc.JDBCDataStore.createConnection(JDBCDataStore.java:2293)
	at org.geotools.jdbc.JDBCDataStore.getConnection(JDBCDataStore.java:2235)
	at org.geotools.data.postgis.PostgisNGDataStoreFactory.createDataStoreInternal(PostgisNGDataStoreFactory.java:263)
	at org.geotools.jdbc.JDBCDataStoreFactory.createDataStore(JDBCDataStoreFactory.java:389)
	at org.geotools.jdbc.JDBCDataStoreFactory.createDataStore(JDBCDataStoreFactory.java:47)
	at org.vfny.geoserver.util.DataStoreUtils.getDataAccess(DataStoreUtils.java:66)
	at org.geoserver.catalog.ResourcePool.createDataAccess(ResourcePool.java:755)
	at org.geoserver.catalog.ResourcePool.getDataStore(ResourcePool.java:629)
	... 145 more
Caused by: org.apache.commons.dbcp.SQLNestedException: Cannot create PoolableConnectionFactory (Connection to localhost:5432 refused. Check that the hostname and port are correct and that the postmaster is accepting TCP/IP connections.)
	at org.apache.commons.dbcp.BasicDataSource.createPoolableConnectionFactory(BasicDataSource.java:1549)
	at org.apache.commons.dbcp.BasicDataSource.createDataSource(BasicDataSource.java:1388)
	at org.apache.commons.dbcp.BasicDataSource.getConnection(BasicDataSource.java:1044)
	at org.geotools.data.jdbc.datasource.AbstractManageableDataSource.getConnection(AbstractManageableDataSource.java:42)
	at org.geotools.jdbc.JDBCDataStore.createConnection(JDBCDataStore.java:2277)
	... 152 more
Caused by: org.postgresql.util.PSQLException: Connection to localhost:5432 refused. Check that the hostname and port are correct and that the postmaster is accepting TCP/IP connections.
	at org.postgresql.core.v3.ConnectionFactoryImpl.openConnectionImpl(ConnectionFactoryImpl.java:342)
	at org.postgresql.core.ConnectionFactory.openConnection(ConnectionFactory.java:54)
	at org.postgresql.jdbc.PgConnection.<init>(PgConnection.java:263)
	at org.postgresql.Driver.makeConnection(Driver.java:443)
	at org.postgresql.Driver.connect(Driver.java:297)
	at org.apache.commons.dbcp.DriverConnectionFactory.createConnection(DriverConnectionFactory.java:38)
	at org.apache.commons.dbcp.PoolableConnectionFactory.makeObject(PoolableConnectionFactory.java:582)
	at org.apache.commons.dbcp.BasicDataSource.validateConnectionFactory(BasicDataSource.java:1556)
	at org.apache.commons.dbcp.BasicDataSource.createPoolableConnectionFactory(BasicDataSource.java:1545)
	... 156 more
Caused by: java.net.ConnectException: Connection refused (Connection refused)
	at java.base/java.net.PlainSocketImpl.socketConnect(Native Method)
	at java.base/java.net.AbstractPlainSocketImpl.doConnect(AbstractPlainSocketImpl.java:412)
	at java.base/java.net.AbstractPlainSocketImpl.connectToAddress(AbstractPlainSocketImpl.java:255)
	at java.base/java.net.AbstractPlainSocketImpl.connect(AbstractPlainSocketImpl.java:237)
	at java.base/java.net.SocksSocketImpl.connect(SocksSocketImpl.java:392)
	at java.base/java.net.Socket.connect(Socket.java:609)
	at org.postgresql.core.PGStream.createSocket(PGStream.java:243)
	at org.postgresql.core.PGStream.<init>(PGStream.java:98)
	at org.postgresql.core.v3.ConnectionFactoryImpl.tryConnect(ConnectionFactoryImpl.java:132)
	at org.postgresql.core.v3.ConnectionFactoryImpl.openConnectionImpl(ConnectionFactoryImpl.java:258)
	... 164 more
27 May 07:21:26 INFO   [geoserver.gwc] - Saving GeoSeverTileLayer gis:buildings
27 May 07:21:27 CONFIG [platform.resource] - Notifying ENTRY_CREATE change on /opt/geoserver/data_dir/gwc-layers. Created: 1, removed: 0, modified: 0
27 May 07:22:05 INFO   [geoserver.wms] - 
Request: getServiceInfo
27 May 07:22:05 INFO   [geoserver.flow] - Request [WMS 1.3.0 GetCapabilities] starting, processing through flow controllers
27 May 07:22:05 INFO   [geoserver.flow] - Request control-flow performed, running requests: 1, blocked requests: 0
27 May 07:22:05 INFO   [geoserver.wms] - 
Request: getCapabilities
	AcceptLanguages = null
	BaseUrl = http://localhost:8080/geoserver/
	Get = false
	Namespace = gis
	RawKvp = {REQUEST=GetCapabilities, SERVICE=WMS}
	Request = GetCapabilities
	RequestCharset = null
	RootLayerEnabled = null
	UpdateSequence = null
	Version = 1.3.0
27 May 07:22:06 INFO   [geoserver.flow] - releasing flow controllers for [WMS 1.3.0 GetCapabilities]
27 May 07:22:06 INFO   [geoserver.flow] - Request completed, running requests: 0, blocked requests: 0
27 May 07:23:09 INFO   [geoserver.wms] - 
Request: getServiceInfo
27 May 07:23:09 INFO   [geoserver.flow] - Request [wms 1.0.0 GetLegendGraphic] starting, processing through flow controllers
27 May 07:23:09 INFO   [geoserver.flow] - Request control-flow performed, running requests: 1, blocked requests: 0
27 May 07:23:09 INFO   [geoserver.wms] - 
Request: getLegendGraphic
	BaseUrl = http://localhost:8080/geoserver/
	Env = {}
	Exceptions = SE_XML
	FeatureType = null
	Format = image/png
	Get = false
	Height = 20
	Kvp = {STRICT=false, REQUEST=GetLegendGraphic, FORMAT=image/png, VERSION=1.0.0, STYLE=generic, WIDTH=20, HEIGHT=20}
	Layers = []
	LegendOptions = {}
	Legends = [LegendRequest [layer=, name= styleName=generic, title=null, legendInfo=null]]
	Locale = null
	RawKvp = {STRICT=false, REQUEST=GetLegendGraphic, FORMAT=image/png, VERSION=1.0.0, STYLE=generic, WIDTH=20, HEIGHT=20}
	Request = GetLegendGraphic
	RequestCharset = null
	Scale = -1.0
	Strict = false
	Transparent = false
	Version = 1.0.0
	Width = 20
	Wms = org.geoserver.wms.WMS@59a4eede
27 May 07:23:09 INFO   [geoserver.flow] - releasing flow controllers for [wms 1.0.0 GetLegendGraphic]
27 May 07:23:09 INFO   [geoserver.flow] - Request completed, running requests: 0, blocked requests: 0
27 May 07:23:37 WARN   [wicket.Localizer] - Tried to retrieve a localized string for a component that has not yet been added to the page. This can sometimes lead to an invalid or no localized resource returned. Make sure you are not calling Component#getString() inside your Component's constructor. Offending component: [DimensionEditor [Component id = time]]
27 May 07:23:37 WARN   [wicket.Localizer] - Tried to retrieve a localized string for a component that has not yet been added to the page. This can sometimes lead to an invalid or no localized resource returned. Make sure you are not calling Component#getString() inside your Component's constructor. Offending component: [DimensionEditor [Component id = time]]
27 May 07:23:38 ERROR  [geotools.jdbc] - There's code using JDBC based datastore and not disposing them. This may lead to temporary loss of database connections. Please make sure all data access code calls DataStore.dispose() before freeing all references to it
27 May 07:24:56 INFO   [geoserver.wms] - 
Request: getServiceInfo
27 May 07:24:56 INFO   [geoserver.flow] - Request [WMS 1.1.0 GetMap] starting, processing through flow controllers
27 May 07:24:56 INFO   [geoserver.flow] - Request control-flow performed, running requests: 1, blocked requests: 0
27 May 07:24:57 INFO   [geoserver.wms] - 
Request: getMap
	Angle = 0.0
	BaseUrl = http://localhost:8080/geoserver/
	Bbox = SRSEnvelope[49.2945909 : 49.2952984, 53.59176 : 53.5927301]
	BgColor = java.awt.Color[r=255,g=255,b=255]
	Buffer = 0
	Clip = null
	CQLFilter = null
	Crs = GEOGCS["WGS 84", 
  DATUM["World Geodetic System 1984", 
    SPHEROID["WGS 84", 6378137.0, 298.257223563, AUTHORITY["EPSG","7030"]], 
    AUTHORITY["EPSG","6326"]], 
  PRIMEM["Greenwich", 0.0, AUTHORITY["EPSG","8901"]], 
  UNIT["degree", 0.017453292519943295], 
  AXIS["Geodetic longitude", EAST], 
  AXIS["Geodetic latitude", NORTH], 
  AUTHORITY["EPSG","4326"]]
	Elevation = []
	Env = {}
	Exceptions = SE_XML
	FeatureId = null
	FeatureVersion = null
	Filter = null
	Format = application/openlayers
	FormatOptions = {}
	Get = true
	Height = 768
	Interpolations = []
	Layers = [org.geoserver.wms.MapLayerInfo@e4804762]
	MaxFeatures = null
	Palette = null
	RawKvp = {REQUEST=GetMap, SRS=EPSG:4326, FORMAT=application/openlayers, BBOX=49.2945909,53.59176,49.2952984,53.5927301, VERSION=1.1.0, STYLES=, SERVICE=WMS, WIDTH=560, HEIGHT=768, LAYERS=gis:buildings}
	RemoteOwsType = null
	RemoteOwsURL = null
	Request = GetMap
	RequestCharset = UTF-8
	ScaleMethod = null
	Sld = null
	SldBody = null
	SldVersion = null
	SortBy = null
	SortByArrays = null
	SRS = EPSG:4326
	StartIndex = null
	StyleBody = null
	StyleFormat = sld
	Styles = [StyleImpl[ name=generic]]
	StyleUrl = null
	StyleVersion = null
	Tiled = false
	TilesOrigin = null
	Time = []
	Transparent = false
	ValidateSchema = false
	Version = 1.1.0
	ViewParams = null
	Width = 560
27 May 07:24:57 INFO   [geoserver.flow] - releasing flow controllers for [WMS 1.1.0 GetMap]
27 May 07:24:57 INFO   [geoserver.flow] - Request completed, running requests: 0, blocked requests: 0
27 May 07:24:57 INFO   [geoserver.wms] - 
Request: getServiceInfo
27 May 07:24:57 INFO   [geoserver.flow] - Request [WMS 1.1.1 GetMap] starting, processing through flow controllers
27 May 07:24:57 INFO   [geoserver.flow] - Request control-flow performed, running requests: 1, blocked requests: 0
27 May 07:24:57 INFO   [geoserver.wms] - 
Request: getMap
	Angle = 0.0
	BaseUrl = http://localhost:8080/geoserver/
	Bbox = SRSEnvelope[49.294569343328476 : 49.295320361852646, 53.59172970056534 : 53.59275966882706]
	BgColor = java.awt.Color[r=255,g=255,b=255]
	Buffer = 0
	Clip = null
	CQLFilter = null
	Crs = GEOGCS["WGS 84", 
  DATUM["World Geodetic System 1984", 
    SPHEROID["WGS 84", 6378137.0, 298.257223563, AUTHORITY["EPSG","7030"]], 
    AUTHORITY["EPSG","6326"]], 
  PRIMEM["Greenwich", 0.0, AUTHORITY["EPSG","8901"]], 
  UNIT["degree", 0.017453292519943295], 
  AXIS["Geodetic longitude", EAST], 
  AXIS["Geodetic latitude", NORTH], 
  AUTHORITY["EPSG","4326"]]
	Elevation = []
	Env = {}
	Exceptions = application/vnd.ogc.se_inimage
	FeatureId = null
	FeatureVersion = null
	Filter = null
	Format = image/png
	FormatOptions = {}
	Get = true
	Height = 768
	Interpolations = []
	Layers = [org.geoserver.wms.MapLayerInfo@e4804762]
	MaxFeatures = null
	Palette = null
	RawKvp = {EXCEPTIONS=application/vnd.ogc.se_inimage, REQUEST=GetMap, FORMAT=image/png, SRS=EPSG:4326, BBOX=49.294569343328476,53.59172970056534,49.295320361852646,53.59275966882706, VERSION=1.1.1, STYLES=, SERVICE=WMS, WIDTH=560, HEIGHT=768, TRANSPARENT=true, LAYERS=gis:buildings}
	RemoteOwsType = null
	RemoteOwsURL = null
	Request = GetMap
	RequestCharset = UTF-8
	ScaleMethod = null
	Sld = null
	SldBody = null
	SldVersion = null
	SortBy = null
	SortByArrays = null
	SRS = EPSG:4326
	StartIndex = null
	StyleBody = null
	StyleFormat = sld
	Styles = [StyleImpl[ name=generic]]
	StyleUrl = null
	StyleVersion = null
	Tiled = false
	TilesOrigin = null
	Time = []
	Transparent = true
	ValidateSchema = false
	Version = 1.1.1
	ViewParams = null
	Width = 560
27 May 07:24:57 INFO   [geoserver.flow] - releasing flow controllers for [WMS 1.1.1 GetMap]
27 May 07:24:57 INFO   [geoserver.flow] - Request completed, running requests: 0, blocked requests: 0
27 May 07:45:26 INFO   [geoserver.wms] - 
Request: getServiceInfo
27 May 07:45:27 INFO   [geoserver.flow] - Request [WMS 1.3.0 GetMap] starting, processing through flow controllers
27 May 07:45:27 INFO   [geoserver.flow] - Request control-flow performed, running requests: 1, blocked requests: 0
27 May 07:45:27 WARN   [operation.projection] - Possible use of "Popular Visualisation Pseudo Mercator" projection outside its valid area.
Longitude 2147483287°00.0'W is out of range (±180°).
27 May 07:45:27 INFO   [geoserver.wms] - 
Request: getMap
	Angle = 0.0
	BaseUrl = http://localhost:8080/geoserver/
	Bbox = SRSEnvelope[-2.0037508342789244E7 : 2.0037508342789244E7, -1.0108917655202832E7 : 1.0108917655202832E7]
	BgColor = java.awt.Color[r=255,g=255,b=255]
	Buffer = 0
	Clip = null
	CQLFilter = null
	Crs = PROJCS["WGS 84 / Pseudo-Mercator", 
  GEOGCS["WGS 84", 
    DATUM["World Geodetic System 1984", 
      SPHEROID["WGS 84", 6378137.0, 298.257223563, AUTHORITY["EPSG","7030"]], 
      AUTHORITY["EPSG","6326"]], 
    PRIMEM["Greenwich", 0.0, AUTHORITY["EPSG","8901"]], 
    UNIT["degree", 0.017453292519943295], 
    AXIS["Geodetic latitude", NORTH], 
    AXIS["Geodetic longitude", EAST], 
    AUTHORITY["EPSG","4326"]], 
  PROJECTION["Popular Visualisation Pseudo Mercator", AUTHORITY["EPSG","1024"]], 
  PARAMETER["semi_minor", 6378137.0], 
  PARAMETER["latitude_of_origin", 0.0], 
  PARAMETER["central_meridian", 0.0], 
  PARAMETER["scale_factor", 1.0], 
  PARAMETER["false_easting", 0.0], 
  PARAMETER["false_northing", 0.0], 
  UNIT["m", 1.0], 
  AXIS["Easting", EAST], 
  AXIS["Northing", NORTH], 
  AUTHORITY["EPSG","3857"]]
	Elevation = []
	Env = {}
	Exceptions = SE_XML
	FeatureId = null
	FeatureVersion = null
	Filter = null
	Format = image/png
	FormatOptions = {}
	Get = true
	Height = 953
	Interpolations = []
	Layers = [org.geoserver.wms.MapLayerInfo@e4804762]
	MaxFeatures = null
	Palette = null
	RawKvp = {TILED=true, REQUEST=GetMap, FORMAT=image/png, CRS=EPSG:3857, BBOX=-20037508.342789244,-10108917.655202832,20037508.342789244,10108917.655202832, VERSION=1.3.0, STYLES=, SERVICE=WMS, WIDTH=1889, HEIGHT=953, TRANSPARENT=TRUE, LAYERS=gis:buildings}
	RemoteOwsType = null
	RemoteOwsURL = null
	Request = GetMap
	RequestCharset = UTF-8
	ScaleMethod = null
	Sld = null
	SldBody = null
	SldVersion = null
	SortBy = null
	SortByArrays = null
	SRS = urn:ogc:def:crs:EPSG::3857
	StartIndex = null
	StyleBody = null
	StyleFormat = sld
	Styles = [StyleImpl[ name=generic]]
	StyleUrl = null
	StyleVersion = null
	Tiled = true
	TilesOrigin = null
	Time = []
	Transparent = true
	ValidateSchema = false
	Version = 1.3.0
	ViewParams = null
	Width = 1889
27 May 07:45:27 INFO   [geoserver.flow] - releasing flow controllers for [WMS 1.3.0 GetMap]
27 May 07:45:27 INFO   [geoserver.flow] - Request completed, running requests: 0, blocked requests: 0
27 May 07:46:33 INFO   [geoserver.wms] - 
Request: getServiceInfo
27 May 07:46:33 INFO   [geoserver.flow] - Request [WMS 1.1.0 GetMap] starting, processing through flow controllers
27 May 07:46:33 INFO   [geoserver.flow] - Request control-flow performed, running requests: 1, blocked requests: 0
27 May 07:46:33 INFO   [geoserver.wms] - 
Request: getMap
	Angle = 0.0
	BaseUrl = http://localhost:8080/geoserver/
	Bbox = SRSEnvelope[49.2945909 : 49.2952984, 53.59176 : 53.5927301]
	BgColor = java.awt.Color[r=255,g=255,b=255]
	Buffer = 0
	Clip = null
	CQLFilter = null
	Crs = GEOGCS["WGS 84", 
  DATUM["World Geodetic System 1984", 
    SPHEROID["WGS 84", 6378137.0, 298.257223563, AUTHORITY["EPSG","7030"]], 
    AUTHORITY["EPSG","6326"]], 
  PRIMEM["Greenwich", 0.0, AUTHORITY["EPSG","8901"]], 
  UNIT["degree", 0.017453292519943295], 
  AXIS["Geodetic longitude", EAST], 
  AXIS["Geodetic latitude", NORTH], 
  AUTHORITY["EPSG","4326"]]
	Elevation = []
	Env = {}
	Exceptions = SE_XML
	FeatureId = null
	FeatureVersion = null
	Filter = null
	Format = application/openlayers
	FormatOptions = {}
	Get = true
	Height = 768
	Interpolations = []
	Layers = [org.geoserver.wms.MapLayerInfo@e4804762]
	MaxFeatures = null
	Palette = null
	RawKvp = {REQUEST=GetMap, SRS=EPSG:4326, FORMAT=application/openlayers, BBOX=49.2945909,53.59176,49.2952984,53.5927301, VERSION=1.1.0, STYLES=, SERVICE=WMS, WIDTH=560, HEIGHT=768, LAYERS=gis:buildings}
	RemoteOwsType = null
	RemoteOwsURL = null
	Request = GetMap
	RequestCharset = UTF-8
	ScaleMethod = null
	Sld = null
	SldBody = null
	SldVersion = null
	SortBy = null
	SortByArrays = null
	SRS = EPSG:4326
	StartIndex = null
	StyleBody = null
	StyleFormat = sld
	Styles = [StyleImpl[ name=generic]]
	StyleUrl = null
	StyleVersion = null
	Tiled = false
	TilesOrigin = null
	Time = []
	Transparent = false
	ValidateSchema = false
	Version = 1.1.0
	ViewParams = null
	Width = 560
27 May 07:46:33 INFO   [geoserver.flow] - releasing flow controllers for [WMS 1.1.0 GetMap]
27 May 07:46:33 INFO   [geoserver.flow] - Request completed, running requests: 0, blocked requests: 0
27 May 07:46:33 INFO   [geoserver.wms] - 
Request: getServiceInfo
27 May 07:46:33 INFO   [geoserver.flow] - Request [WMS 1.1.1 GetMap] starting, processing through flow controllers
27 May 07:46:33 INFO   [geoserver.flow] - Request control-flow performed, running requests: 1, blocked requests: 0
27 May 07:46:33 INFO   [geoserver.wms] - 
Request: getMap
	Angle = 0.0
	BaseUrl = http://localhost:8080/geoserver/
	Bbox = SRSEnvelope[49.294569343328476 : 49.295320361852646, 53.59172970056534 : 53.59275966882706]
	BgColor = java.awt.Color[r=255,g=255,b=255]
	Buffer = 0
	Clip = null
	CQLFilter = null
	Crs = GEOGCS["WGS 84", 
  DATUM["World Geodetic System 1984", 
    SPHEROID["WGS 84", 6378137.0, 298.257223563, AUTHORITY["EPSG","7030"]], 
    AUTHORITY["EPSG","6326"]], 
  PRIMEM["Greenwich", 0.0, AUTHORITY["EPSG","8901"]], 
  UNIT["degree", 0.017453292519943295], 
  AXIS["Geodetic longitude", EAST], 
  AXIS["Geodetic latitude", NORTH], 
  AUTHORITY["EPSG","4326"]]
	Elevation = []
	Env = {}
	Exceptions = application/vnd.ogc.se_inimage
	FeatureId = null
	FeatureVersion = null
	Filter = null
	Format = image/png
	FormatOptions = {}
	Get = true
	Height = 768
	Interpolations = []
	Layers = [org.geoserver.wms.MapLayerInfo@e4804762]
	MaxFeatures = null
	Palette = null
	RawKvp = {EXCEPTIONS=application/vnd.ogc.se_inimage, REQUEST=GetMap, FORMAT=image/png, SRS=EPSG:4326, BBOX=49.294569343328476,53.59172970056534,49.295320361852646,53.59275966882706, VERSION=1.1.1, STYLES=, SERVICE=WMS, WIDTH=560, HEIGHT=768, TRANSPARENT=true, LAYERS=gis:buildings}
	RemoteOwsType = null
	RemoteOwsURL = null
	Request = GetMap
	RequestCharset = UTF-8
	ScaleMethod = null
	Sld = null
	SldBody = null
	SldVersion = null
	SortBy = null
	SortByArrays = null
	SRS = EPSG:4326
	StartIndex = null
	StyleBody = null
	StyleFormat = sld
	Styles = [StyleImpl[ name=generic]]
	StyleUrl = null
	StyleVersion = null
	Tiled = false
	TilesOrigin = null
	Time = []
	Transparent = true
	ValidateSchema = false
	Version = 1.1.1
	ViewParams = null
	Width = 560
27 May 07:46:33 INFO   [geoserver.flow] - releasing flow controllers for [WMS 1.1.1 GetMap]
27 May 07:46:33 INFO   [geoserver.flow] - Request completed, running requests: 0, blocked requests: 0
27 May 07:46:42 INFO   [geoserver.wms] - 
Request: getServiceInfo
27 May 07:46:42 INFO   [geoserver.flow] - Request [WMS 1.1.1 GetMap] starting, processing through flow controllers
27 May 07:46:42 INFO   [geoserver.flow] - Request control-flow performed, running requests: 1, blocked requests: 0
27 May 07:46:42 INFO   [geoserver.wms] - 
Request: getMap
	Angle = 0.0
	BaseUrl = http://localhost:8080/geoserver/
	Bbox = SRSEnvelope[49.294573366642 : 49.29532438516617, 53.59172835946083 : 53.59275832772255]
	BgColor = java.awt.Color[r=255,g=255,b=255]
	Buffer = 0
	Clip = null
	CQLFilter = null
	Crs = GEOGCS["WGS 84", 
  DATUM["World Geodetic System 1984", 
    SPHEROID["WGS 84", 6378137.0, 298.257223563, AUTHORITY["EPSG","7030"]], 
    AUTHORITY["EPSG","6326"]], 
  PRIMEM["Greenwich", 0.0, AUTHORITY["EPSG","8901"]], 
  UNIT["degree", 0.017453292519943295], 
  AXIS["Geodetic longitude", EAST], 
  AXIS["Geodetic latitude", NORTH], 
  AUTHORITY["EPSG","4326"]]
	Elevation = []
	Env = {}
	Exceptions = application/vnd.ogc.se_inimage
	FeatureId = null
	FeatureVersion = null
	Filter = null
	Format = image/png
	FormatOptions = {}
	Get = true
	Height = 768
	Interpolations = []
	Layers = [org.geoserver.wms.MapLayerInfo@e4804762]
	MaxFeatures = null
	Palette = null
	RawKvp = {EXCEPTIONS=application/vnd.ogc.se_inimage, REQUEST=GetMap, FORMAT=image/png, SRS=EPSG:4326, BBOX=49.294573366642,53.59172835946083,49.29532438516617,53.59275832772255, VERSION=1.1.1, STYLES=, SERVICE=WMS, WIDTH=560, HEIGHT=768, TRANSPARENT=true, LAYERS=gis:buildings}
	RemoteOwsType = null
	RemoteOwsURL = null
	Request = GetMap
	RequestCharset = UTF-8
	ScaleMethod = null
	Sld = null
	SldBody = null
	SldVersion = null
	SortBy = null
	SortByArrays = null
	SRS = EPSG:4326
	StartIndex = null
	StyleBody = null
	StyleFormat = sld
	Styles = [StyleImpl[ name=generic]]
	StyleUrl = null
	StyleVersion = null
	Tiled = false
	TilesOrigin = null
	Time = []
	Transparent = true
	ValidateSchema = false
	Version = 1.1.1
	ViewParams = null
	Width = 560
27 May 07:46:42 INFO   [geoserver.flow] - releasing flow controllers for [WMS 1.1.1 GetMap]
27 May 07:46:42 INFO   [geoserver.flow] - Request completed, running requests: 0, blocked requests: 0
27 May 07:50:23 INFO   [geoserver.wms] - 
Request: getServiceInfo
27 May 07:50:23 INFO   [geoserver.flow] - Request [WMS 1.3.0 GetMap] starting, processing through flow controllers
27 May 07:50:23 INFO   [geoserver.flow] - Request control-flow performed, running requests: 1, blocked requests: 0
27 May 07:50:23 INFO   [geoserver.wms] - 
Request: getMap
	Angle = 0.0
	BaseUrl = http://localhost:8080/geoserver/
	Bbox = SRSEnvelope[-1.455001973524315E7 : 2.552499695033534E7, -3015610.469807636 : 1.720222484059803E7]
	BgColor = java.awt.Color[r=255,g=255,b=255]
	Buffer = 0
	Clip = null
	CQLFilter = null
	Crs = PROJCS["WGS 84 / Pseudo-Mercator", 
  GEOGCS["WGS 84", 
    DATUM["World Geodetic System 1984", 
      SPHEROID["WGS 84", 6378137.0, 298.257223563, AUTHORITY["EPSG","7030"]], 
      AUTHORITY["EPSG","6326"]], 
    PRIMEM["Greenwich", 0.0, AUTHORITY["EPSG","8901"]], 
    UNIT["degree", 0.017453292519943295], 
    AXIS["Geodetic latitude", NORTH], 
    AXIS["Geodetic longitude", EAST], 
    AUTHORITY["EPSG","4326"]], 
  PROJECTION["Popular Visualisation Pseudo Mercator", AUTHORITY["EPSG","1024"]], 
  PARAMETER["semi_minor", 6378137.0], 
  PARAMETER["latitude_of_origin", 0.0], 
  PARAMETER["central_meridian", 0.0], 
  PARAMETER["scale_factor", 1.0], 
  PARAMETER["false_easting", 0.0], 
  PARAMETER["false_northing", 0.0], 
  UNIT["m", 1.0], 
  AXIS["Easting", EAST], 
  AXIS["Northing", NORTH], 
  AUTHORITY["EPSG","3857"]]
	Elevation = []
	Env = {}
	Exceptions = SE_XML
	FeatureId = null
	FeatureVersion = null
	Filter = null
	Format = image/png
	FormatOptions = {}
	Get = true
	Height = 953
	Interpolations = []
	Layers = [org.geoserver.wms.MapLayerInfo@e4804762]
	MaxFeatures = null
	Palette = null
	RawKvp = {TILED=true, REQUEST=GetMap, FORMAT=image/png, CRS=EPSG:3857, BBOX=-14550019.73524315,-3015610.469807636,25524996.95033534,17202224.84059803, VERSION=1.3.0, STYLES=, SERVICE=WMS, WIDTH=1889, HEIGHT=953, TRANSPARENT=TRUE, LAYERS=gis:buildings}
	RemoteOwsType = null
	RemoteOwsURL = null
	Request = GetMap
	RequestCharset = UTF-8
	ScaleMethod = null
	Sld = null
	SldBody = null
	SldVersion = null
	SortBy = null
	SortByArrays = null
	SRS = urn:ogc:def:crs:EPSG::3857
	StartIndex = null
	StyleBody = null
	StyleFormat = sld
	Styles = [StyleImpl[ name=generic]]
	StyleUrl = null
	StyleVersion = null
	Tiled = true
	TilesOrigin = null
	Time = []
	Transparent = true
	ValidateSchema = false
	Version = 1.3.0
	ViewParams = null
	Width = 1889
27 May 07:50:23 INFO   [geoserver.flow] - releasing flow controllers for [WMS 1.3.0 GetMap]
27 May 07:50:23 INFO   [geoserver.flow] - Request completed, running requests: 0, blocked requests: 0
27 May 07:50:24 INFO   [geoserver.wms] - 
Request: getServiceInfo
27 May 07:50:24 INFO   [geoserver.flow] - Request [WMS 1.3.0 GetMap] starting, processing through flow controllers
27 May 07:50:24 INFO   [geoserver.flow] - Request control-flow performed, running requests: 1, blocked requests: 0
27 May 07:50:24 INFO   [geoserver.wms] - 
Request: getMap
	Angle = 0.0
	BaseUrl = http://localhost:8080/geoserver/
	Bbox = SRSEnvelope[-1.455001973524315E7 : 2.552499695033534E7, -3015610.469807636 : 1.720222484059803E7]
	BgColor = java.awt.Color[r=255,g=255,b=255]
	Buffer = 0
	Clip = null
	CQLFilter = null
	Crs = PROJCS["WGS 84 / Pseudo-Mercator", 
  GEOGCS["WGS 84", 
    DATUM["World Geodetic System 1984", 
      SPHEROID["WGS 84", 6378137.0, 298.257223563, AUTHORITY["EPSG","7030"]], 
      AUTHORITY["EPSG","6326"]], 
    PRIMEM["Greenwich", 0.0, AUTHORITY["EPSG","8901"]], 
    UNIT["degree", 0.017453292519943295], 
    AXIS["Geodetic latitude", NORTH], 
    AXIS["Geodetic longitude", EAST], 
    AUTHORITY["EPSG","4326"]], 
  PROJECTION["Popular Visualisation Pseudo Mercator", AUTHORITY["EPSG","1024"]], 
  PARAMETER["semi_minor", 6378137.0], 
  PARAMETER["latitude_of_origin", 0.0], 
  PARAMETER["central_meridian", 0.0], 
  PARAMETER["scale_factor", 1.0], 
  PARAMETER["false_easting", 0.0], 
  PARAMETER["false_northing", 0.0], 
  UNIT["m", 1.0], 
  AXIS["Easting", EAST], 
  AXIS["Northing", NORTH], 
  AUTHORITY["EPSG","3857"]]
	Elevation = []
	Env = {}
	Exceptions = SE_XML
	FeatureId = null
	FeatureVersion = null
	Filter = null
	Format = image/png
	FormatOptions = {}
	Get = true
	Height = 953
	Interpolations = []
	Layers = [org.geoserver.wms.MapLayerInfo@e4804762]
	MaxFeatures = null
	Palette = null
	RawKvp = {TILED=true, REQUEST=GetMap, FORMAT=image/png, CRS=EPSG:3857, BBOX=-14550019.73524315,-3015610.469807636,25524996.95033534,17202224.84059803, VERSION=1.3.0, STYLES=, SERVICE=WMS, WIDTH=1889, HEIGHT=953, TRANSPARENT=TRUE, LAYERS=gis:buildings}
	RemoteOwsType = null
	RemoteOwsURL = null
	Request = GetMap
	RequestCharset = UTF-8
	ScaleMethod = null
	Sld = null
	SldBody = null
	SldVersion = null
	SortBy = null
	SortByArrays = null
	SRS = urn:ogc:def:crs:EPSG::3857
	StartIndex = null
	StyleBody = null
	StyleFormat = sld
	Styles = [StyleImpl[ name=generic]]
	StyleUrl = null
	StyleVersion = null
	Tiled = true
	TilesOrigin = null
	Time = []
	Transparent = true
	ValidateSchema = false
	Version = 1.3.0
	ViewParams = null
	Width = 1889
27 May 07:50:24 INFO   [geoserver.flow] - releasing flow controllers for [WMS 1.3.0 GetMap]
27 May 07:50:24 INFO   [geoserver.flow] - Request completed, running requests: 0, blocked requests: 0
27 May 07:50:31 INFO   [geoserver.wms] - 
Request: getServiceInfo
27 May 07:50:31 INFO   [geoserver.flow] - Request [WMS 1.3.0 GetMap] starting, processing through flow controllers
27 May 07:50:31 INFO   [geoserver.flow] - Request control-flow performed, running requests: 1, blocked requests: 0
27 May 07:50:31 INFO   [geoserver.wms] - 
Request: getMap
	Angle = 0.0
	BaseUrl = http://localhost:8080/geoserver/
	Bbox = SRSEnvelope[-1.455001973524315E7 : 2.552499695033534E7, -3015610.469807636 : 1.720222484059803E7]
	BgColor = java.awt.Color[r=255,g=255,b=255]
	Buffer = 0
	Clip = null
	CQLFilter = null
	Crs = PROJCS["WGS 84 / Pseudo-Mercator", 
  GEOGCS["WGS 84", 
    DATUM["World Geodetic System 1984", 
      SPHEROID["WGS 84", 6378137.0, 298.257223563, AUTHORITY["EPSG","7030"]], 
      AUTHORITY["EPSG","6326"]], 
    PRIMEM["Greenwich", 0.0, AUTHORITY["EPSG","8901"]], 
    UNIT["degree", 0.017453292519943295], 
    AXIS["Geodetic latitude", NORTH], 
    AXIS["Geodetic longitude", EAST], 
    AUTHORITY["EPSG","4326"]], 
  PROJECTION["Popular Visualisation Pseudo Mercator", AUTHORITY["EPSG","1024"]], 
  PARAMETER["semi_minor", 6378137.0], 
  PARAMETER["latitude_of_origin", 0.0], 
  PARAMETER["central_meridian", 0.0], 
  PARAMETER["scale_factor", 1.0], 
  PARAMETER["false_easting", 0.0], 
  PARAMETER["false_northing", 0.0], 
  UNIT["m", 1.0], 
  AXIS["Easting", EAST], 
  AXIS["Northing", NORTH], 
  AUTHORITY["EPSG","3857"]]
	Elevation = []
	Env = {}
	Exceptions = SE_XML
	FeatureId = null
	FeatureVersion = null
	Filter = null
	Format = image/png
	FormatOptions = {}
	Get = true
	Height = 953
	Interpolations = []
	Layers = [org.geoserver.wms.MapLayerInfo@e4804762]
	MaxFeatures = null
	Palette = null
	RawKvp = {TILED=true, REQUEST=GetMap, FORMAT=image/png, CRS=EPSG:3857, BBOX=-14550019.73524315,-3015610.469807636,25524996.95033534,17202224.84059803, VERSION=1.3.0, STYLES=, SERVICE=WMS, WIDTH=1889, HEIGHT=953, TRANSPARENT=TRUE, LAYERS=gis:buildings}
	RemoteOwsType = null
	RemoteOwsURL = null
	Request = GetMap
	RequestCharset = UTF-8
	ScaleMethod = null
	Sld = null
	SldBody = null
	SldVersion = null
	SortBy = null
	SortByArrays = null
	SRS = urn:ogc:def:crs:EPSG::3857
	StartIndex = null
	StyleBody = null
	StyleFormat = sld
	Styles = [StyleImpl[ name=generic]]
	StyleUrl = null
	StyleVersion = null
	Tiled = true
	TilesOrigin = null
	Time = []
	Transparent = true
	ValidateSchema = false
	Version = 1.3.0
	ViewParams = null
	Width = 1889
27 May 07:50:31 INFO   [geoserver.flow] - releasing flow controllers for [WMS 1.3.0 GetMap]
27 May 07:50:31 INFO   [geoserver.flow] - Request completed, running requests: 0, blocked requests: 0
27 May 07:50:45 INFO   [geoserver.wms] - 
Request: getServiceInfo
27 May 07:50:45 INFO   [geoserver.flow] - Request [WMS 1.3.0 GetMap] starting, processing through flow controllers
27 May 07:50:45 INFO   [geoserver.flow] - Request control-flow performed, running requests: 1, blocked requests: 0
27 May 07:50:45 INFO   [geoserver.wms] - 
Request: getMap
	Angle = 0.0
	BaseUrl = http://localhost:8080/geoserver/
	Bbox = SRSEnvelope[-1.455001973524315E7 : 2.552499695033534E7, -3015610.469807636 : 1.720222484059803E7]
	BgColor = java.awt.Color[r=255,g=255,b=255]
	Buffer = 0
	Clip = null
	CQLFilter = null
	Crs = PROJCS["WGS 84 / Pseudo-Mercator", 
  GEOGCS["WGS 84", 
    DATUM["World Geodetic System 1984", 
      SPHEROID["WGS 84", 6378137.0, 298.257223563, AUTHORITY["EPSG","7030"]], 
      AUTHORITY["EPSG","6326"]], 
    PRIMEM["Greenwich", 0.0, AUTHORITY["EPSG","8901"]], 
    UNIT["degree", 0.017453292519943295], 
    AXIS["Geodetic latitude", NORTH], 
    AXIS["Geodetic longitude", EAST], 
    AUTHORITY["EPSG","4326"]], 
  PROJECTION["Popular Visualisation Pseudo Mercator", AUTHORITY["EPSG","1024"]], 
  PARAMETER["semi_minor", 6378137.0], 
  PARAMETER["latitude_of_origin", 0.0], 
  PARAMETER["central_meridian", 0.0], 
  PARAMETER["scale_factor", 1.0], 
  PARAMETER["false_easting", 0.0], 
  PARAMETER["false_northing", 0.0], 
  UNIT["m", 1.0], 
  AXIS["Easting", EAST], 
  AXIS["Northing", NORTH], 
  AUTHORITY["EPSG","3857"]]
	Elevation = []
	Env = {}
	Exceptions = SE_XML
	FeatureId = null
	FeatureVersion = null
	Filter = null
	Format = image/png
	FormatOptions = {}
	Get = true
	Height = 953
	Interpolations = []
	Layers = [org.geoserver.wms.MapLayerInfo@e4804762]
	MaxFeatures = null
	Palette = null
	RawKvp = {TILED=true, REQUEST=GetMap, FORMAT=image/png, CRS=EPSG:3857, BBOX=-14550019.73524315,-3015610.469807636,25524996.95033534,17202224.84059803, VERSION=1.3.0, STYLES=, SERVICE=WMS, WIDTH=1889, HEIGHT=953, TRANSPARENT=TRUE, LAYERS=gis:buildings}
	RemoteOwsType = null
	RemoteOwsURL = null
	Request = GetMap
	RequestCharset = UTF-8
	ScaleMethod = null
	Sld = null
	SldBody = null
	SldVersion = null
	SortBy = null
	SortByArrays = null
	SRS = urn:ogc:def:crs:EPSG::3857
	StartIndex = null
	StyleBody = null
	StyleFormat = sld
	Styles = [StyleImpl[ name=generic]]
	StyleUrl = null
	StyleVersion = null
	Tiled = true
	TilesOrigin = null
	Time = []
	Transparent = true
	ValidateSchema = false
	Version = 1.3.0
	ViewParams = null
	Width = 1889
27 May 07:50:45 INFO   [geoserver.flow] - releasing flow controllers for [WMS 1.3.0 GetMap]
27 May 07:50:45 INFO   [geoserver.flow] - Request completed, running requests: 0, blocked requests: 0
27 May 07:54:09 INFO   [geoserver.wms] - 
Request: getServiceInfo
27 May 07:54:09 INFO   [geoserver.flow] - Request [WMS 1.3.0 GetMap] starting, processing through flow controllers
27 May 07:54:09 INFO   [geoserver.flow] - Request control-flow performed, running requests: 1, blocked requests: 0
27 May 07:54:09 INFO   [geoserver.wms] - 
Request: getMap
	Angle = 0.0
	BaseUrl = http://localhost:8080/geoserver/
	Bbox = SRSEnvelope[53.5896871984005 : 53.59479948878288, 49.28988218307495 : 49.300015568733215]
	BgColor = java.awt.Color[r=255,g=255,b=255]
	Buffer = 0
	Clip = null
	CQLFilter = null
	Crs = GEOGCS["WGS 84", 
  DATUM["World Geodetic System 1984", 
    SPHEROID["WGS 84", 6378137.0, 298.257223563, AUTHORITY["EPSG","7030"]], 
    AUTHORITY["EPSG","6326"]], 
  PRIMEM["Greenwich", 0.0, AUTHORITY["EPSG","8901"]], 
  UNIT["degree", 0.017453292519943295], 
  AXIS["Geodetic latitude", NORTH], 
  AXIS["Geodetic longitude", EAST], 
  AUTHORITY["EPSG","4326"]]
	Elevation = []
	Env = {}
	Exceptions = SE_XML
	FeatureId = null
	FeatureVersion = null
	Filter = null
	Format = image/png
	FormatOptions = {}
	Get = true
	Height = 953
	Interpolations = []
	Layers = [org.geoserver.wms.MapLayerInfo@e4804762]
	MaxFeatures = null
	Palette = null
	RawKvp = {TILED=true, REQUEST=GetMap, FORMAT=image/png, CRS=EPSG:4326, BBOX=53.5896871984005,49.28988218307495,53.59479948878288,49.300015568733215, VERSION=1.3.0, STYLES=, SERVICE=WMS, WIDTH=1889, HEIGHT=953, TRANSPARENT=TRUE, LAYERS=gis:buildings}
	RemoteOwsType = null
	RemoteOwsURL = null
	Request = GetMap
	RequestCharset = UTF-8
	ScaleMethod = null
	Sld = null
	SldBody = null
	SldVersion = null
	SortBy = null
	SortByArrays = null
	SRS = urn:ogc:def:crs:EPSG::4326
	StartIndex = null
	StyleBody = null
	StyleFormat = sld
	Styles = [StyleImpl[ name=generic]]
	StyleUrl = null
	StyleVersion = null
	Tiled = true
	TilesOrigin = null
	Time = []
	Transparent = true
	ValidateSchema = false
	Version = 1.3.0
	ViewParams = null
	Width = 1889
27 May 07:54:09 INFO   [geoserver.flow] - releasing flow controllers for [WMS 1.3.0 GetMap]
27 May 07:54:09 INFO   [geoserver.flow] - Request completed, running requests: 0, blocked requests: 0
